-------------------------------------------------------------------------------
Test set: com.wg.dabms.a.service.UserServiceTest
-------------------------------------------------------------------------------
Tests run: 12, Failures: 12, Errors: 0, Skipped: 0, Time elapsed: 0.001 sec <<< FAILURE!
com.wg.dabms.a.service.UserServiceTest.testCreateUser()  Time elapsed: 0 sec  <<< FAILURE!
java.lang.NullPointerException: Cannot invoke "com.wg.dabms.a.dao.UserDAO.createUser(com.wg.dabms.model.User)" because "this.userDAO" is null
	at com.wg.dabms.a.service.UserServiceTest.testCreateUser(UserServiceTest.java:67)

com.wg.dabms.a.service.UserServiceTest.testGetUserById()  Time elapsed: 0 sec  <<< FAILURE!
java.lang.NullPointerException: Cannot invoke "com.wg.dabms.a.dao.UserDAO.getUserById(String)" because "this.userDAO" is null
	at com.wg.dabms.a.service.UserServiceTest.testGetUserById(UserServiceTest.java:47)

com.wg.dabms.a.service.UserServiceTest.testGetAllUsers()  Time elapsed: 0 sec  <<< FAILURE!
java.lang.NullPointerException: Cannot invoke "com.wg.dabms.a.dao.UserDAO.getAllUsers()" because "this.userDAO" is null
	at com.wg.dabms.a.service.UserServiceTest.testGetAllUsers(UserServiceTest.java:57)

com.wg.dabms.a.service.UserServiceTest.testUpdateUser()  Time elapsed: 0 sec  <<< FAILURE!
java.lang.NullPointerException: Cannot invoke "com.wg.dabms.a.dao.UserDAO.updateUser(com.wg.dabms.model.User)" because "this.userDAO" is null
	at com.wg.dabms.a.service.UserServiceTest.testUpdateUser(UserServiceTest.java:77)

com.wg.dabms.a.service.UserServiceTest.testDeleteUser()  Time elapsed: 0 sec  <<< FAILURE!
java.lang.NullPointerException: Cannot invoke "com.wg.dabms.a.dao.UserDAO.deleteUser(String)" because "this.userDAO" is null
	at com.wg.dabms.a.service.UserServiceTest.testDeleteUser(UserServiceTest.java:87)

com.wg.dabms.a.service.UserServiceTest.testFindByEmail()  Time elapsed: 0 sec  <<< FAILURE!
java.lang.NullPointerException: Cannot invoke "com.wg.dabms.a.dao.UserDAO.findByEmail(String)" because "this.userDAO" is null
	at com.wg.dabms.a.service.UserServiceTest.testFindByEmail(UserServiceTest.java:117)

com.wg.dabms.a.service.UserServiceTest.testFindUsersByUsernameAndRole()  Time elapsed: 0 sec  <<< FAILURE!
java.lang.NullPointerException: Cannot invoke "com.wg.dabms.a.dao.UserDAO.findUsersByUsernameAndRole(String, com.wg.dabms.model.enums.Role)" because "this.userDAO" is null
	at com.wg.dabms.a.service.UserServiceTest.testFindUsersByUsernameAndRole(UserServiceTest.java:140)

com.wg.dabms.a.service.UserServiceTest.testFindUsersByUsername()  Time elapsed: 0 sec  <<< FAILURE!
java.lang.NullPointerException: Cannot invoke "com.wg.dabms.a.dao.UserDAO.findUsersByUsername(String)" because "this.userDAO" is null
	at com.wg.dabms.a.service.UserServiceTest.testFindUsersByUsername(UserServiceTest.java:107)

com.wg.dabms.a.service.UserServiceTest.testUpdateUserProfile()  Time elapsed: 0 sec  <<< FAILURE!
java.lang.NullPointerException: Cannot invoke "com.wg.dabms.a.dao.UserDAO.updateUser(com.wg.dabms.model.User)" because "this.userDAO" is null
	at com.wg.dabms.a.service.UserServiceTest.testUpdateUserProfile(UserServiceTest.java:36)

com.wg.dabms.a.service.UserServiceTest.testGetUsersByDepartment()  Time elapsed: 0 sec  <<< FAILURE!
java.lang.NullPointerException: Cannot invoke "com.wg.dabms.a.dao.UserDAO.findUsersByDepartment(com.wg.dabms.model.enums.Department)" because "this.userDAO" is null
	at com.wg.dabms.a.service.UserServiceTest.testGetUsersByDepartment(UserServiceTest.java:128)

com.wg.dabms.a.service.UserServiceTest.testEmailExists()  Time elapsed: 0 sec  <<< FAILURE!
java.lang.NullPointerException: Cannot invoke "com.wg.dabms.a.dao.UserDAO.findByEmail(String)" because "this.userDAO" is null
	at com.wg.dabms.a.service.UserServiceTest.testEmailExists(UserServiceTest.java:151)

com.wg.dabms.a.service.UserServiceTest.testGetUsersByRole()  Time elapsed: 0 sec  <<< FAILURE!
java.lang.NullPointerException: Cannot invoke "com.wg.dabms.a.dao.UserDAO.findUsersByRole(com.wg.dabms.model.enums.Role)" because "this.userDAO" is null
	at com.wg.dabms.a.service.UserServiceTest.testGetUsersByRole(UserServiceTest.java:98)

