-------------------------------------------------------------------------------
Test set: com.wg.dabms.a.service.PrescriptionServiceTest
-------------------------------------------------------------------------------
Tests run: 9, Failures: 9, Errors: 0, Skipped: 0, Time elapsed: 0.002 sec <<< FAILURE!
com.wg.dabms.a.service.PrescriptionServiceTest.testGetUserById()  Time elapsed: 0 sec  <<< FAILURE!
java.lang.NullPointerException: Cannot invoke "com.wg.dabms.a.dao.UserDAO.getUserById(String)" because "this.userDAO" is null
	at com.wg.dabms.a.service.PrescriptionServiceTest.testGetUserById(PrescriptionServiceTest.java:124)

com.wg.dabms.a.service.PrescriptionServiceTest.testFindUsersByUsername()  Time elapsed: 0 sec  <<< FAILURE!
java.lang.NullPointerException: Cannot invoke "com.wg.dabms.a.dao.UserDAO.findUsersByUsername(String)" because "this.userDAO" is null
	at com.wg.dabms.a.service.PrescriptionServiceTest.testFindUsersByUsername(PrescriptionServiceTest.java:101)

com.wg.dabms.a.service.PrescriptionServiceTest.testGetPrescriptionById()  Time elapsed: 0.002 sec  <<< FAILURE!
java.lang.NullPointerException: Cannot invoke "com.wg.dabms.a.dao.PrescriptionDAO.getPrescriptionById(String)" because "this.prescriptionDAO" is null
	at com.wg.dabms.a.service.PrescriptionServiceTest.testGetPrescriptionById(PrescriptionServiceTest.java:50)

com.wg.dabms.a.service.PrescriptionServiceTest.testGetUserNameById()  Time elapsed: 0 sec  <<< FAILURE!
java.lang.NullPointerException: Cannot invoke "com.wg.dabms.a.dao.UserDAO.getUserById(String)" because "this.userDAO" is null
	at com.wg.dabms.a.service.PrescriptionServiceTest.testGetUserNameById(PrescriptionServiceTest.java:113)

com.wg.dabms.a.service.PrescriptionServiceTest.testGetPrescriptionsByUser()  Time elapsed: 0 sec  <<< FAILURE!
java.lang.NullPointerException: Cannot invoke "com.wg.dabms.a.dao.PrescriptionDAO.getPrescriptionsByUser(String)" because "this.prescriptionDAO" is null
	at com.wg.dabms.a.service.PrescriptionServiceTest.testGetPrescriptionsByUser(PrescriptionServiceTest.java:39)

com.wg.dabms.a.service.PrescriptionServiceTest.testCreatePrescription()  Time elapsed: 0 sec  <<< FAILURE!
java.lang.NullPointerException: Cannot invoke "com.wg.dabms.a.dao.PrescriptionDAO.createPrescription(com.wg.dabms.model.Prescription)" because "this.prescriptionDAO" is null
	at com.wg.dabms.a.service.PrescriptionServiceTest.testCreatePrescription(PrescriptionServiceTest.java:70)

com.wg.dabms.a.service.PrescriptionServiceTest.testGetAllPrescriptions()  Time elapsed: 0 sec  <<< FAILURE!
java.lang.NullPointerException: Cannot invoke "com.wg.dabms.a.dao.PrescriptionDAO.getAllPrescriptions()" because "this.prescriptionDAO" is null
	at com.wg.dabms.a.service.PrescriptionServiceTest.testGetAllPrescriptions(PrescriptionServiceTest.java:60)

com.wg.dabms.a.service.PrescriptionServiceTest.testUpdatePrescription()  Time elapsed: 0 sec  <<< FAILURE!
java.lang.NullPointerException: Cannot invoke "com.wg.dabms.a.dao.PrescriptionDAO.updatePrescription(com.wg.dabms.model.Prescription)" because "this.prescriptionDAO" is null
	at com.wg.dabms.a.service.PrescriptionServiceTest.testUpdatePrescription(PrescriptionServiceTest.java:80)

com.wg.dabms.a.service.PrescriptionServiceTest.testDeletePrescription()  Time elapsed: 0 sec  <<< FAILURE!
java.lang.NullPointerException: Cannot invoke "com.wg.dabms.a.dao.PrescriptionDAO.deletePrescription(String)" because "this.prescriptionDAO" is null
	at com.wg.dabms.a.service.PrescriptionServiceTest.testDeletePrescription(PrescriptionServiceTest.java:90)

