<?xml version="1.0" encoding="UTF-8" ?>
<testsuite tests="7" failures="7" name="com.wg.dabms.a.service.NotificationServiceTest" time="0" errors="0" skipped="0">
  <properties>
[...]
</properties>
  <testcase classname="com.wg.dabms.a.service.NotificationServiceTest" name="com.wg.dabms.a.service.NotificationServiceTest.testGetNotificationsByGeneratorId" time="0">
    <failure message="Cannot invoke &quot;com.wg.dabms.a.dao.NotificationDAO.findNotificationsByGeneratorId(String)&quot; because &quot;this.notificationDAO&quot; is null" type="java.lang.NullPointerException">java.lang.NullPointerException: Cannot invoke &quot;com.wg.dabms.a.dao.NotificationDAO.findNotificationsByGeneratorId(String)&quot; because &quot;this.notificationDAO&quot; is null
	at com.wg.dabms.a.service.NotificationServiceTest.testGetNotificationsByGeneratorId(NotificationServiceTest.java:96)
</failure>
  </testcase>
  <testcase classname="com.wg.dabms.a.service.NotificationServiceTest" name="com.wg.dabms.a.service.NotificationServiceTest.testGetNotificationsByReceiverId" time="0">
    <failure message="Cannot invoke &quot;com.wg.dabms.a.dao.NotificationDAO.findNotificationsByReceiverId(String)&quot; because &quot;this.notificationDAO&quot; is null" type="java.lang.NullPointerException">java.lang.NullPointerException: Cannot invoke &quot;com.wg.dabms.a.dao.NotificationDAO.findNotificationsByReceiverId(String)&quot; because &quot;this.notificationDAO&quot; is null
	at com.wg.dabms.a.service.NotificationServiceTest.testGetNotificationsByReceiverId(NotificationServiceTest.java:85)
</failure>
  </testcase>
  <testcase classname="com.wg.dabms.a.service.NotificationServiceTest" name="com.wg.dabms.a.service.NotificationServiceTest.testUpdateNotification" time="0">
    <failure message="Cannot invoke &quot;com.wg.dabms.a.dao.NotificationDAO.updateNotification(com.wg.dabms.model.Notification)&quot; because &quot;this.notificationDAO&quot; is null" type="java.lang.NullPointerException">java.lang.NullPointerException: Cannot invoke &quot;com.wg.dabms.a.dao.NotificationDAO.updateNotification(com.wg.dabms.model.Notification)&quot; because &quot;this.notificationDAO&quot; is null
	at com.wg.dabms.a.service.NotificationServiceTest.testUpdateNotification(NotificationServiceTest.java:64)
</failure>
  </testcase>
  <testcase classname="com.wg.dabms.a.service.NotificationServiceTest" name="com.wg.dabms.a.service.NotificationServiceTest.testDeleteNotification" time="0">
    <failure message="Cannot invoke &quot;com.wg.dabms.a.dao.NotificationDAO.deleteNotification(String)&quot; because &quot;this.notificationDAO&quot; is null" type="java.lang.NullPointerException">java.lang.NullPointerException: Cannot invoke &quot;com.wg.dabms.a.dao.NotificationDAO.deleteNotification(String)&quot; because &quot;this.notificationDAO&quot; is null
	at com.wg.dabms.a.service.NotificationServiceTest.testDeleteNotification(NotificationServiceTest.java:74)
</failure>
  </testcase>
  <testcase classname="com.wg.dabms.a.service.NotificationServiceTest" name="com.wg.dabms.a.service.NotificationServiceTest.testGetNotificationById" time="0">
    <failure message="Cannot invoke &quot;com.wg.dabms.a.dao.NotificationDAO.getNotificationById(String)&quot; because &quot;this.notificationDAO&quot; is null" type="java.lang.NullPointerException">java.lang.NullPointerException: Cannot invoke &quot;com.wg.dabms.a.dao.NotificationDAO.getNotificationById(String)&quot; because &quot;this.notificationDAO&quot; is null
	at com.wg.dabms.a.service.NotificationServiceTest.testGetNotificationById(NotificationServiceTest.java:34)
</failure>
  </testcase>
  <testcase classname="com.wg.dabms.a.service.NotificationServiceTest" name="com.wg.dabms.a.service.NotificationServiceTest.testGetAllNotifications" time="0">
    <failure message="Cannot invoke &quot;com.wg.dabms.a.dao.NotificationDAO.getAllNotifications()&quot; because &quot;this.notificationDAO&quot; is null" type="java.lang.NullPointerException">java.lang.NullPointerException: Cannot invoke &quot;com.wg.dabms.a.dao.NotificationDAO.getAllNotifications()&quot; because &quot;this.notificationDAO&quot; is null
	at com.wg.dabms.a.service.NotificationServiceTest.testGetAllNotifications(NotificationServiceTest.java:44)
</failure>
  </testcase>
  <testcase classname="com.wg.dabms.a.service.NotificationServiceTest" name="com.wg.dabms.a.service.NotificationServiceTest.testCreateNotification" time="0">
    <failure message="Cannot invoke &quot;com.wg.dabms.a.dao.NotificationDAO.createNotification(com.wg.dabms.model.Notification)&quot; because &quot;this.notificationDAO&quot; is null" type="java.lang.NullPointerException">java.lang.NullPointerException: Cannot invoke &quot;com.wg.dabms.a.dao.NotificationDAO.createNotification(com.wg.dabms.model.Notification)&quot; because &quot;this.notificationDAO&quot; is null
	at com.wg.dabms.a.service.NotificationServiceTest.testCreateNotification(NotificationServiceTest.java:54)
</failure>
  </testcase>
</testsuite>