-------------------------------------------------------------------------------
Test set: com.wg.dabms.a.service.NotificationServiceTest
-------------------------------------------------------------------------------
Tests run: 7, Failures: 7, Errors: 0, Skipped: 0, Time elapsed: 0.001 sec <<< FAILURE!
com.wg.dabms.a.service.NotificationServiceTest.testGetNotificationsByGeneratorId()  Time elapsed: 0 sec  <<< FAILURE!
java.lang.NullPointerException: Cannot invoke "com.wg.dabms.a.dao.NotificationDAO.findNotificationsByGeneratorId(String)" because "this.notificationDAO" is null
	at com.wg.dabms.a.service.NotificationServiceTest.testGetNotificationsByGeneratorId(NotificationServiceTest.java:96)

com.wg.dabms.a.service.NotificationServiceTest.testGetNotificationsByReceiverId()  Time elapsed: 0 sec  <<< FAILURE!
java.lang.NullPointerException: Cannot invoke "com.wg.dabms.a.dao.NotificationDAO.findNotificationsByReceiverId(String)" because "this.notificationDAO" is null
	at com.wg.dabms.a.service.NotificationServiceTest.testGetNotificationsByReceiverId(NotificationServiceTest.java:85)

com.wg.dabms.a.service.NotificationServiceTest.testUpdateNotification()  Time elapsed: 0 sec  <<< FAILURE!
java.lang.NullPointerException: Cannot invoke "com.wg.dabms.a.dao.NotificationDAO.updateNotification(com.wg.dabms.model.Notification)" because "this.notificationDAO" is null
	at com.wg.dabms.a.service.NotificationServiceTest.testUpdateNotification(NotificationServiceTest.java:64)

com.wg.dabms.a.service.NotificationServiceTest.testDeleteNotification()  Time elapsed: 0 sec  <<< FAILURE!
java.lang.NullPointerException: Cannot invoke "com.wg.dabms.a.dao.NotificationDAO.deleteNotification(String)" because "this.notificationDAO" is null
	at com.wg.dabms.a.service.NotificationServiceTest.testDeleteNotification(NotificationServiceTest.java:74)

com.wg.dabms.a.service.NotificationServiceTest.testGetNotificationById()  Time elapsed: 0 sec  <<< FAILURE!
java.lang.NullPointerException: Cannot invoke "com.wg.dabms.a.dao.NotificationDAO.getNotificationById(String)" because "this.notificationDAO" is null
	at com.wg.dabms.a.service.NotificationServiceTest.testGetNotificationById(NotificationServiceTest.java:34)

com.wg.dabms.a.service.NotificationServiceTest.testGetAllNotifications()  Time elapsed: 0 sec  <<< FAILURE!
java.lang.NullPointerException: Cannot invoke "com.wg.dabms.a.dao.NotificationDAO.getAllNotifications()" because "this.notificationDAO" is null
	at com.wg.dabms.a.service.NotificationServiceTest.testGetAllNotifications(NotificationServiceTest.java:44)

com.wg.dabms.a.service.NotificationServiceTest.testCreateNotification()  Time elapsed: 0 sec  <<< FAILURE!
java.lang.NullPointerException: Cannot invoke "com.wg.dabms.a.dao.NotificationDAO.createNotification(com.wg.dabms.model.Notification)" because "this.notificationDAO" is null
	at com.wg.dabms.a.service.NotificationServiceTest.testCreateNotification(NotificationServiceTest.java:54)

