<?xml version="1.0" encoding="UTF-8" ?>
<testsuite tests="9" failures="9" name="com.wg.dabms.a.service.PrescriptionServiceTest" time="0.002" errors="0" skipped="0">
  <properties>
[...]
</properties>
  <testcase classname="com.wg.dabms.a.service.PrescriptionServiceTest" name="com.wg.dabms.a.service.PrescriptionServiceTest.testGetUserById" time="0">
    <failure message="Cannot invoke &quot;com.wg.dabms.a.dao.UserDAO.getUserById(String)&quot; because &quot;this.userDAO&quot; is null" type="java.lang.NullPointerException">java.lang.NullPointerException: Cannot invoke &quot;com.wg.dabms.a.dao.UserDAO.getUserById(String)&quot; because &quot;this.userDAO&quot; is null
	at com.wg.dabms.a.service.PrescriptionServiceTest.testGetUserById(PrescriptionServiceTest.java:124)
</failure>
  </testcase>
  <testcase classname="com.wg.dabms.a.service.PrescriptionServiceTest" name="com.wg.dabms.a.service.PrescriptionServiceTest.testFindUsersByUsername" time="0">
    <failure message="Cannot invoke &quot;com.wg.dabms.a.dao.UserDAO.findUsersByUsername(String)&quot; because &quot;this.userDAO&quot; is null" type="java.lang.NullPointerException">java.lang.NullPointerException: Cannot invoke &quot;com.wg.dabms.a.dao.UserDAO.findUsersByUsername(String)&quot; because &quot;this.userDAO&quot; is null
	at com.wg.dabms.a.service.PrescriptionServiceTest.testFindUsersByUsername(PrescriptionServiceTest.java:101)
</failure>
  </testcase>
  <testcase classname="com.wg.dabms.a.service.PrescriptionServiceTest" name="com.wg.dabms.a.service.PrescriptionServiceTest.testGetPrescriptionById" time="0.002">
    <failure message="Cannot invoke &quot;com.wg.dabms.a.dao.PrescriptionDAO.getPrescriptionById(String)&quot; because &quot;this.prescriptionDAO&quot; is null" type="java.lang.NullPointerException">java.lang.NullPointerException: Cannot invoke &quot;com.wg.dabms.a.dao.PrescriptionDAO.getPrescriptionById(String)&quot; because &quot;this.prescriptionDAO&quot; is null
	at com.wg.dabms.a.service.PrescriptionServiceTest.testGetPrescriptionById(PrescriptionServiceTest.java:50)
</failure>
  </testcase>
  <testcase classname="com.wg.dabms.a.service.PrescriptionServiceTest" name="com.wg.dabms.a.service.PrescriptionServiceTest.testGetUserNameById" time="0">
    <failure message="Cannot invoke &quot;com.wg.dabms.a.dao.UserDAO.getUserById(String)&quot; because &quot;this.userDAO&quot; is null" type="java.lang.NullPointerException">java.lang.NullPointerException: Cannot invoke &quot;com.wg.dabms.a.dao.UserDAO.getUserById(String)&quot; because &quot;this.userDAO&quot; is null
	at com.wg.dabms.a.service.PrescriptionServiceTest.testGetUserNameById(PrescriptionServiceTest.java:113)
</failure>
  </testcase>
  <testcase classname="com.wg.dabms.a.service.PrescriptionServiceTest" name="com.wg.dabms.a.service.PrescriptionServiceTest.testGetPrescriptionsByUser" time="0">
    <failure message="Cannot invoke &quot;com.wg.dabms.a.dao.PrescriptionDAO.getPrescriptionsByUser(String)&quot; because &quot;this.prescriptionDAO&quot; is null" type="java.lang.NullPointerException">java.lang.NullPointerException: Cannot invoke &quot;com.wg.dabms.a.dao.PrescriptionDAO.getPrescriptionsByUser(String)&quot; because &quot;this.prescriptionDAO&quot; is null
	at com.wg.dabms.a.service.PrescriptionServiceTest.testGetPrescriptionsByUser(PrescriptionServiceTest.java:39)
</failure>
  </testcase>
  <testcase classname="com.wg.dabms.a.service.PrescriptionServiceTest" name="com.wg.dabms.a.service.PrescriptionServiceTest.testCreatePrescription" time="0">
    <failure message="Cannot invoke &quot;com.wg.dabms.a.dao.PrescriptionDAO.createPrescription(com.wg.dabms.model.Prescription)&quot; because &quot;this.prescriptionDAO&quot; is null" type="java.lang.NullPointerException">java.lang.NullPointerException: Cannot invoke &quot;com.wg.dabms.a.dao.PrescriptionDAO.createPrescription(com.wg.dabms.model.Prescription)&quot; because &quot;this.prescriptionDAO&quot; is null
	at com.wg.dabms.a.service.PrescriptionServiceTest.testCreatePrescription(PrescriptionServiceTest.java:70)
</failure>
  </testcase>
  <testcase classname="com.wg.dabms.a.service.PrescriptionServiceTest" name="com.wg.dabms.a.service.PrescriptionServiceTest.testGetAllPrescriptions" time="0">
    <failure message="Cannot invoke &quot;com.wg.dabms.a.dao.PrescriptionDAO.getAllPrescriptions()&quot; because &quot;this.prescriptionDAO&quot; is null" type="java.lang.NullPointerException">java.lang.NullPointerException: Cannot invoke &quot;com.wg.dabms.a.dao.PrescriptionDAO.getAllPrescriptions()&quot; because &quot;this.prescriptionDAO&quot; is null
	at com.wg.dabms.a.service.PrescriptionServiceTest.testGetAllPrescriptions(PrescriptionServiceTest.java:60)
</failure>
  </testcase>
  <testcase classname="com.wg.dabms.a.service.PrescriptionServiceTest" name="com.wg.dabms.a.service.PrescriptionServiceTest.testUpdatePrescription" time="0">
    <failure message="Cannot invoke &quot;com.wg.dabms.a.dao.PrescriptionDAO.updatePrescription(com.wg.dabms.model.Prescription)&quot; because &quot;this.prescriptionDAO&quot; is null" type="java.lang.NullPointerException">java.lang.NullPointerException: Cannot invoke &quot;com.wg.dabms.a.dao.PrescriptionDAO.updatePrescription(com.wg.dabms.model.Prescription)&quot; because &quot;this.prescriptionDAO&quot; is null
	at com.wg.dabms.a.service.PrescriptionServiceTest.testUpdatePrescription(PrescriptionServiceTest.java:80)
</failure>
  </testcase>
  <testcase classname="com.wg.dabms.a.service.PrescriptionServiceTest" name="com.wg.dabms.a.service.PrescriptionServiceTest.testDeletePrescription" time="0">
    <failure message="Cannot invoke &quot;com.wg.dabms.a.dao.PrescriptionDAO.deletePrescription(String)&quot; because &quot;this.prescriptionDAO&quot; is null" type="java.lang.NullPointerException">java.lang.NullPointerException: Cannot invoke &quot;com.wg.dabms.a.dao.PrescriptionDAO.deletePrescription(String)&quot; because &quot;this.prescriptionDAO&quot; is null
	at com.wg.dabms.a.service.PrescriptionServiceTest.testDeletePrescription(PrescriptionServiceTest.java:90)
</failure>
  </testcase>
</testsuite>