<?xml version="1.0" encoding="UTF-8" ?>
<testsuite tests="12" failures="12" name="com.wg.dabms.a.service.UserServiceTest" time="0" errors="0" skipped="0">
  <properties>
[...]
</properties>
  <testcase classname="com.wg.dabms.a.service.UserServiceTest" name="com.wg.dabms.a.service.UserServiceTest.testCreateUser" time="0">
    <failure message="Cannot invoke &quot;com.wg.dabms.a.dao.UserDAO.createUser(com.wg.dabms.model.User)&quot; because &quot;this.userDAO&quot; is null" type="java.lang.NullPointerException">java.lang.NullPointerException: Cannot invoke &quot;com.wg.dabms.a.dao.UserDAO.createUser(com.wg.dabms.model.User)&quot; because &quot;this.userDAO&quot; is null
	at com.wg.dabms.a.service.UserServiceTest.testCreateUser(UserServiceTest.java:67)
</failure>
  </testcase>
  <testcase classname="com.wg.dabms.a.service.UserServiceTest" name="com.wg.dabms.a.service.UserServiceTest.testGetUserById" time="0">
    <failure message="Cannot invoke &quot;com.wg.dabms.a.dao.UserDAO.getUserById(String)&quot; because &quot;this.userDAO&quot; is null" type="java.lang.NullPointerException">java.lang.NullPointerException: Cannot invoke &quot;com.wg.dabms.a.dao.UserDAO.getUserById(String)&quot; because &quot;this.userDAO&quot; is null
	at com.wg.dabms.a.service.UserServiceTest.testGetUserById(UserServiceTest.java:47)
</failure>
  </testcase>
  <testcase classname="com.wg.dabms.a.service.UserServiceTest" name="com.wg.dabms.a.service.UserServiceTest.testGetAllUsers" time="0">
    <failure message="Cannot invoke &quot;com.wg.dabms.a.dao.UserDAO.getAllUsers()&quot; because &quot;this.userDAO&quot; is null" type="java.lang.NullPointerException">java.lang.NullPointerException: Cannot invoke &quot;com.wg.dabms.a.dao.UserDAO.getAllUsers()&quot; because &quot;this.userDAO&quot; is null
	at com.wg.dabms.a.service.UserServiceTest.testGetAllUsers(UserServiceTest.java:57)
</failure>
  </testcase>
  <testcase classname="com.wg.dabms.a.service.UserServiceTest" name="com.wg.dabms.a.service.UserServiceTest.testUpdateUser" time="0">
    <failure message="Cannot invoke &quot;com.wg.dabms.a.dao.UserDAO.updateUser(com.wg.dabms.model.User)&quot; because &quot;this.userDAO&quot; is null" type="java.lang.NullPointerException">java.lang.NullPointerException: Cannot invoke &quot;com.wg.dabms.a.dao.UserDAO.updateUser(com.wg.dabms.model.User)&quot; because &quot;this.userDAO&quot; is null
	at com.wg.dabms.a.service.UserServiceTest.testUpdateUser(UserServiceTest.java:77)
</failure>
  </testcase>
  <testcase classname="com.wg.dabms.a.service.UserServiceTest" name="com.wg.dabms.a.service.UserServiceTest.testDeleteUser" time="0">
    <failure message="Cannot invoke &quot;com.wg.dabms.a.dao.UserDAO.deleteUser(String)&quot; because &quot;this.userDAO&quot; is null" type="java.lang.NullPointerException">java.lang.NullPointerException: Cannot invoke &quot;com.wg.dabms.a.dao.UserDAO.deleteUser(String)&quot; because &quot;this.userDAO&quot; is null
	at com.wg.dabms.a.service.UserServiceTest.testDeleteUser(UserServiceTest.java:87)
</failure>
  </testcase>
  <testcase classname="com.wg.dabms.a.service.UserServiceTest" name="com.wg.dabms.a.service.UserServiceTest.testFindByEmail" time="0">
    <failure message="Cannot invoke &quot;com.wg.dabms.a.dao.UserDAO.findByEmail(String)&quot; because &quot;this.userDAO&quot; is null" type="java.lang.NullPointerException">java.lang.NullPointerException: Cannot invoke &quot;com.wg.dabms.a.dao.UserDAO.findByEmail(String)&quot; because &quot;this.userDAO&quot; is null
	at com.wg.dabms.a.service.UserServiceTest.testFindByEmail(UserServiceTest.java:117)
</failure>
  </testcase>
  <testcase classname="com.wg.dabms.a.service.UserServiceTest" name="com.wg.dabms.a.service.UserServiceTest.testFindUsersByUsernameAndRole" time="0">
    <failure message="Cannot invoke &quot;com.wg.dabms.a.dao.UserDAO.findUsersByUsernameAndRole(String, com.wg.dabms.model.enums.Role)&quot; because &quot;this.userDAO&quot; is null" type="java.lang.NullPointerException">java.lang.NullPointerException: Cannot invoke &quot;com.wg.dabms.a.dao.UserDAO.findUsersByUsernameAndRole(String, com.wg.dabms.model.enums.Role)&quot; because &quot;this.userDAO&quot; is null
	at com.wg.dabms.a.service.UserServiceTest.testFindUsersByUsernameAndRole(UserServiceTest.java:140)
</failure>
  </testcase>
  <testcase classname="com.wg.dabms.a.service.UserServiceTest" name="com.wg.dabms.a.service.UserServiceTest.testFindUsersByUsername" time="0">
    <failure message="Cannot invoke &quot;com.wg.dabms.a.dao.UserDAO.findUsersByUsername(String)&quot; because &quot;this.userDAO&quot; is null" type="java.lang.NullPointerException">java.lang.NullPointerException: Cannot invoke &quot;com.wg.dabms.a.dao.UserDAO.findUsersByUsername(String)&quot; because &quot;this.userDAO&quot; is null
	at com.wg.dabms.a.service.UserServiceTest.testFindUsersByUsername(UserServiceTest.java:107)
</failure>
  </testcase>
  <testcase classname="com.wg.dabms.a.service.UserServiceTest" name="com.wg.dabms.a.service.UserServiceTest.testUpdateUserProfile" time="0">
    <failure message="Cannot invoke &quot;com.wg.dabms.a.dao.UserDAO.updateUser(com.wg.dabms.model.User)&quot; because &quot;this.userDAO&quot; is null" type="java.lang.NullPointerException">java.lang.NullPointerException: Cannot invoke &quot;com.wg.dabms.a.dao.UserDAO.updateUser(com.wg.dabms.model.User)&quot; because &quot;this.userDAO&quot; is null
	at com.wg.dabms.a.service.UserServiceTest.testUpdateUserProfile(UserServiceTest.java:36)
</failure>
  </testcase>
  <testcase classname="com.wg.dabms.a.service.UserServiceTest" name="com.wg.dabms.a.service.UserServiceTest.testGetUsersByDepartment" time="0">
    <failure message="Cannot invoke &quot;com.wg.dabms.a.dao.UserDAO.findUsersByDepartment(com.wg.dabms.model.enums.Department)&quot; because &quot;this.userDAO&quot; is null" type="java.lang.NullPointerException">java.lang.NullPointerException: Cannot invoke &quot;com.wg.dabms.a.dao.UserDAO.findUsersByDepartment(com.wg.dabms.model.enums.Department)&quot; because &quot;this.userDAO&quot; is null
	at com.wg.dabms.a.service.UserServiceTest.testGetUsersByDepartment(UserServiceTest.java:128)
</failure>
  </testcase>
  <testcase classname="com.wg.dabms.a.service.UserServiceTest" name="com.wg.dabms.a.service.UserServiceTest.testEmailExists" time="0">
    <failure message="Cannot invoke &quot;com.wg.dabms.a.dao.UserDAO.findByEmail(String)&quot; because &quot;this.userDAO&quot; is null" type="java.lang.NullPointerException">java.lang.NullPointerException: Cannot invoke &quot;com.wg.dabms.a.dao.UserDAO.findByEmail(String)&quot; because &quot;this.userDAO&quot; is null
	at com.wg.dabms.a.service.UserServiceTest.testEmailExists(UserServiceTest.java:151)
</failure>
  </testcase>
  <testcase classname="com.wg.dabms.a.service.UserServiceTest" name="com.wg.dabms.a.service.UserServiceTest.testGetUsersByRole" time="0">
    <failure message="Cannot invoke &quot;com.wg.dabms.a.dao.UserDAO.findUsersByRole(com.wg.dabms.model.enums.Role)&quot; because &quot;this.userDAO&quot; is null" type="java.lang.NullPointerException">java.lang.NullPointerException: Cannot invoke &quot;com.wg.dabms.a.dao.UserDAO.findUsersByRole(com.wg.dabms.model.enums.Role)&quot; because &quot;this.userDAO&quot; is null
	at com.wg.dabms.a.service.UserServiceTest.testGetUsersByRole(UserServiceTest.java:98)
</failure>
  </testcase>
</testsuite>