<?xml version="1.0" encoding="UTF-8" ?>
<testsuite tests="10" failures="10" name="com.wg.dabms.a.dao.UserDAOTest" time="0.23" errors="0" skipped="0">
  <properties>
[...]
</properties>
  <testcase classname="com.wg.dabms.a.dao.UserDAOTest" name="com.wg.dabms.a.dao.UserDAOTest.testCreateUser" time="0.228">
    <failure message="Cannot invoke &quot;com.wg.dabms.a.dao.UserDAO.executeUpdate(String, Object[])&quot; because &quot;this.userDAO&quot; is null" type="java.lang.NullPointerException">java.lang.NullPointerException: Cannot invoke &quot;com.wg.dabms.a.dao.UserDAO.executeUpdate(String, Object[])&quot; because &quot;this.userDAO&quot; is null
	at com.wg.dabms.a.dao.UserDAOTest.testCreateUser(UserDAOTest.java:94)
</failure>
  </testcase>
  <testcase classname="com.wg.dabms.a.dao.UserDAOTest" name="com.wg.dabms.a.dao.UserDAOTest.testGetUserById" time="0">
    <failure message="Cannot invoke &quot;com.wg.dabms.a.dao.UserDAO.executeGetQuery(String, Object[])&quot; because &quot;this.userDAO&quot; is null" type="java.lang.NullPointerException">java.lang.NullPointerException: Cannot invoke &quot;com.wg.dabms.a.dao.UserDAO.executeGetQuery(String, Object[])&quot; because &quot;this.userDAO&quot; is null
	at com.wg.dabms.a.dao.UserDAOTest.testGetUserById(UserDAOTest.java:56)
</failure>
  </testcase>
  <testcase classname="com.wg.dabms.a.dao.UserDAOTest" name="com.wg.dabms.a.dao.UserDAOTest.testGetAllUsers" time="0">
    <failure message="Cannot invoke &quot;com.wg.dabms.a.dao.UserDAO.executeGetAllQuery(String, Object[])&quot; because &quot;this.userDAO&quot; is null" type="java.lang.NullPointerException">java.lang.NullPointerException: Cannot invoke &quot;com.wg.dabms.a.dao.UserDAO.executeGetAllQuery(String, Object[])&quot; because &quot;this.userDAO&quot; is null
	at com.wg.dabms.a.dao.UserDAOTest.testGetAllUsers(UserDAOTest.java:81)
</failure>
  </testcase>
  <testcase classname="com.wg.dabms.a.dao.UserDAOTest" name="com.wg.dabms.a.dao.UserDAOTest.testUpdateUser" time="0">
    <failure message="Cannot invoke &quot;com.wg.dabms.a.dao.UserDAO.executeUpdate(String, Object[])&quot; because &quot;this.userDAO&quot; is null" type="java.lang.NullPointerException">java.lang.NullPointerException: Cannot invoke &quot;com.wg.dabms.a.dao.UserDAO.executeUpdate(String, Object[])&quot; because &quot;this.userDAO&quot; is null
	at com.wg.dabms.a.dao.UserDAOTest.testUpdateUser(UserDAOTest.java:131)
</failure>
  </testcase>
  <testcase classname="com.wg.dabms.a.dao.UserDAOTest" name="com.wg.dabms.a.dao.UserDAOTest.testDeleteUser" time="0">
    <failure message="Cannot invoke &quot;com.wg.dabms.a.dao.UserDAO.executeDelete(String, Object[])&quot; because &quot;this.userDAO&quot; is null" type="java.lang.NullPointerException">java.lang.NullPointerException: Cannot invoke &quot;com.wg.dabms.a.dao.UserDAO.executeDelete(String, Object[])&quot; because &quot;this.userDAO&quot; is null
	at com.wg.dabms.a.dao.UserDAOTest.testDeleteUser(UserDAOTest.java:201)
</failure>
  </testcase>
  <testcase classname="com.wg.dabms.a.dao.UserDAOTest" name="com.wg.dabms.a.dao.UserDAOTest.testFindByEmail" time="0">
    <failure message="Cannot invoke &quot;com.wg.dabms.a.dao.UserDAO.executeGetQuery(String, Object[])&quot; because &quot;this.userDAO&quot; is null" type="java.lang.NullPointerException">java.lang.NullPointerException: Cannot invoke &quot;com.wg.dabms.a.dao.UserDAO.executeGetQuery(String, Object[])&quot; because &quot;this.userDAO&quot; is null
	at com.wg.dabms.a.dao.UserDAOTest.testFindByEmail(UserDAOTest.java:227)
</failure>
  </testcase>
  <testcase classname="com.wg.dabms.a.dao.UserDAOTest" name="com.wg.dabms.a.dao.UserDAOTest.testFindUsersByUsernameAndRole" time="0.001">
    <failure message="Cannot invoke &quot;com.wg.dabms.a.dao.UserDAO.executeGetAllQuery(String, Object[])&quot; because &quot;this.userDAO&quot; is null" type="java.lang.NullPointerException">java.lang.NullPointerException: Cannot invoke &quot;com.wg.dabms.a.dao.UserDAO.executeGetAllQuery(String, Object[])&quot; because &quot;this.userDAO&quot; is null
	at com.wg.dabms.a.dao.UserDAOTest.testFindUsersByUsernameAndRole(UserDAOTest.java:42)
</failure>
  </testcase>
  <testcase classname="com.wg.dabms.a.dao.UserDAOTest" name="com.wg.dabms.a.dao.UserDAOTest.testFindUsersByRole" time="0">
    <failure message="Cannot invoke &quot;com.wg.dabms.a.dao.UserDAO.executeGetAllQuery(String, Object[])&quot; because &quot;this.userDAO&quot; is null" type="java.lang.NullPointerException">java.lang.NullPointerException: Cannot invoke &quot;com.wg.dabms.a.dao.UserDAO.executeGetAllQuery(String, Object[])&quot; because &quot;this.userDAO&quot; is null
	at com.wg.dabms.a.dao.UserDAOTest.testFindUsersByRole(UserDAOTest.java:214)
</failure>
  </testcase>
  <testcase classname="com.wg.dabms.a.dao.UserDAOTest" name="com.wg.dabms.a.dao.UserDAOTest.testFindUsersByDepartment" time="0.001">
    <failure message="Cannot invoke &quot;com.wg.dabms.a.dao.UserDAO.executeGetAllQuery(String, Object[])&quot; because &quot;this.userDAO&quot; is null" type="java.lang.NullPointerException">java.lang.NullPointerException: Cannot invoke &quot;com.wg.dabms.a.dao.UserDAO.executeGetAllQuery(String, Object[])&quot; because &quot;this.userDAO&quot; is null
	at com.wg.dabms.a.dao.UserDAOTest.testFindUsersByDepartment(UserDAOTest.java:240)
</failure>
  </testcase>
  <testcase classname="com.wg.dabms.a.dao.UserDAOTest" name="com.wg.dabms.a.dao.UserDAOTest.testFindUsersByUsername" time="0">
    <failure message="Cannot invoke &quot;com.wg.dabms.a.dao.UserDAO.executeGetAllQuery(String, Object[])&quot; because &quot;this.userDAO&quot; is null" type="java.lang.NullPointerException">java.lang.NullPointerException: Cannot invoke &quot;com.wg.dabms.a.dao.UserDAO.executeGetAllQuery(String, Object[])&quot; because &quot;this.userDAO&quot; is null
	at com.wg.dabms.a.dao.UserDAOTest.testFindUsersByUsername(UserDAOTest.java:69)
</failure>
  </testcase>
</testsuite>